<?xml version="1.0" encoding="UTF-8"?>
<testsuite xmlns:xsi="http://www.w3.org/2001/XMLSchema-instance" xsi:noNamespaceSchemaLocation="https://maven.apache.org/surefire/maven-surefire-plugin/xsd/surefire-test-report-3.0.xsd" version="3.0" name="com.bookstore.dao.UserDAOTest" time="2.626" tests="1" errors="0" skipped="0" failures="0">
  <properties>
[...]
</properties>
  <testcase name="testCount" classname="com.bookstore.dao.UserDAOTest" time="0.06">
    <system-out><![CDATA[Hibernate: alter table bookstoredb.book modify column last_update_time  datetime(6) not null
Hibernate: alter table bookstoredb.book modify column price  float(40) not null
Hibernate: alter table bookstoredb.book_order modify column order_date  datetime(6) not null
Hibernate: alter table bookstoredb.book_order modify column shipping_fee  float(40) not null
Hibernate: alter table bookstoredb.book_order modify column subtotal  float(40) not null
Hibernate: alter table bookstoredb.book_order modify column tax  float(40) not null
Hibernate: alter table bookstoredb.book_order modify column total  float(40) not null
Hibernate: alter table bookstoredb.customer modify column register_date  datetime(6) not null
Hibernate: alter table bookstoredb.order_detail modify column subtotal  float(40) not null
Hibernate: alter table bookstoredb.review modify column review_time  datetime(6) not null
Hibernate: select count(*) from Users u1_0
]]></system-out>
    <system-err><![CDATA[Sep 11, 2024 7:28:42 PM org.hibernate.jpa.internal.util.LogHelper logPersistenceUnitInformation
INFO: HHH000204: Processing PersistenceUnitInfo [name: BookStoreWebsite]
Sep 11, 2024 7:28:42 PM org.hibernate.Version logVersion
INFO: HHH000412: Hibernate ORM core version 6.2.7.Final
Sep 11, 2024 7:28:42 PM org.hibernate.cfg.Environment <clinit>
INFO: HHH000406: Using bytecode reflection optimizer
Sep 11, 2024 7:28:42 PM org.hibernate.engine.jdbc.connections.internal.DriverManagerConnectionProviderImpl configure
WARN: HHH10001002: Using built-in connection pool (not intended for production use)
Sep 11, 2024 7:28:42 PM org.hibernate.engine.jdbc.connections.internal.DriverManagerConnectionProviderImpl buildCreator
INFO: HHH10001005: Loaded JDBC driver class: com.mysql.cj.jdbc.Driver
Sep 11, 2024 7:28:42 PM org.hibernate.engine.jdbc.connections.internal.DriverManagerConnectionProviderImpl buildCreator
INFO: HHH10001012: Connecting with JDBC URL [jdbc:mysql://localhost:3306/bookstoredb]
Sep 11, 2024 7:28:42 PM org.hibernate.engine.jdbc.connections.internal.DriverManagerConnectionProviderImpl buildCreator
INFO: HHH10001001: Connection properties: {password=****, user=root}
Sep 11, 2024 7:28:42 PM org.hibernate.engine.jdbc.connections.internal.DriverManagerConnectionProviderImpl buildCreator
INFO: HHH10001003: Autocommit mode: false
Sep 11, 2024 7:28:42 PM org.hibernate.engine.jdbc.connections.internal.DriverManagerConnectionProviderImpl$PooledConnections <init>
INFO: HHH10001115: Connection pool size: 20 (min=1)
Sep 11, 2024 7:28:43 PM org.hibernate.resource.beans.spi.ManagedBeanRegistryInitiator resolveBeanContainer
INFO: HHH10005002: No explicit CDI BeanManager reference was passed to Hibernate, but CDI is available on the Hibernate ClassLoader.
Sep 11, 2024 7:28:43 PM org.hibernate.bytecode.internal.BytecodeProviderInitiator buildBytecodeProvider
INFO: HHH000021: Bytecode provider name : bytebuddy
Sep 11, 2024 7:28:44 PM org.hibernate.engine.transaction.jta.platform.internal.JtaPlatformInitiator initiateService
INFO: HHH000490: Using JtaPlatform implementation: [org.hibernate.engine.transaction.jta.platform.internal.NoJtaPlatform]
Sep 11, 2024 7:28:44 PM org.hibernate.resource.transaction.backend.jdbc.internal.DdlTransactionIsolatorNonJtaImpl getIsolatedConnection
INFO: HHH10001501: Connection obtained from JdbcConnectionAccess [org.hibernate.engine.jdbc.env.internal.JdbcEnvironmentInitiator$ConnectionProviderJdbcConnectionAccess@3702d0ed] for (non-JTA) DDL execution was not in auto-commit mode; the Connection 'local transaction' will be committed and the Connection will be set into auto-commit mode.
]]></system-err>
  </testcase>
</testsuite>